[debug] [2025-08-20T11:01:10.980Z] ----------------------------------------------------------------------
[debug] [2025-08-20T11:01:10.985Z] Command:       C:\Program Files\nodejs\node.exe C:\Users\Thoma\AppData\Roaming\npm\node_modules\firebase-tools\lib\bin\firebase.js use --add
[debug] [2025-08-20T11:01:10.986Z] CLI Version:   14.12.1
[debug] [2025-08-20T11:01:10.987Z] Platform:      win32
[debug] [2025-08-20T11:01:10.987Z] Node Version:  v22.14.0
[debug] [2025-08-20T11:01:10.987Z] Time:          Wed Aug 20 2025 13:01:10 GMT+0200 (Central European Summer Time)
[debug] [2025-08-20T11:01:10.988Z] ----------------------------------------------------------------------
[debug] 
[debug] [2025-08-20T11:01:11.414Z] > command requires scopes: ["email","openid","https://www.googleapis.com/auth/cloudplatformprojects.readonly","https://www.googleapis.com/auth/firebase","https://www.googleapis.com/auth/cloud-platform"]
[debug] [2025-08-20T11:01:11.415Z] > authorizing via signed-in user (xthofox@gmail.com)
[debug] [2025-08-20T11:01:11.419Z] Checked if tokens are valid: false, expires at: 1674745588670
[debug] [2025-08-20T11:01:11.419Z] Checked if tokens are valid: false, expires at: 1674745588670
[debug] [2025-08-20T11:01:11.420Z] > refreshing access token with scopes: []
[debug] [2025-08-20T11:01:11.423Z] >>> [apiv2][query] POST https://www.googleapis.com/oauth2/v3/token [none]
[debug] [2025-08-20T11:01:11.424Z] >>> [apiv2][body] POST https://www.googleapis.com/oauth2/v3/token [omitted]
[debug] [2025-08-20T11:01:11.638Z] <<< [apiv2][status] POST https://www.googleapis.com/oauth2/v3/token 400
[debug] [2025-08-20T11:01:11.639Z] <<< [apiv2][body] POST https://www.googleapis.com/oauth2/v3/token [omitted]
[debug] [2025-08-20T11:01:11.639Z] >>> [apiv2][query] GET https://firebase.googleapis.com/v1beta1/projects pageSize=1000
[debug] [2025-08-20T11:01:11.954Z] <<< [apiv2][status] GET https://firebase.googleapis.com/v1beta1/projects 401
[debug] [2025-08-20T11:01:11.955Z] <<< [apiv2][body] GET https://firebase.googleapis.com/v1beta1/projects [omitted]
[debug] [2025-08-20T11:01:11.955Z] Got a 401 Unauthenticated error for a call that required authentication. Refreshing tokens.
[debug] [2025-08-20T11:01:11.955Z] Checked if tokens are valid: false, expires at: 1674745588670
[debug] [2025-08-20T11:01:11.955Z] Checked if tokens are valid: false, expires at: 1674745588670
[debug] [2025-08-20T11:01:11.955Z] > refreshing access token with scopes: []
[debug] [2025-08-20T11:01:11.956Z] >>> [apiv2][query] POST https://www.googleapis.com/oauth2/v3/token [none]
[debug] [2025-08-20T11:01:11.956Z] >>> [apiv2][body] POST https://www.googleapis.com/oauth2/v3/token [omitted]
[debug] [2025-08-20T11:01:11.994Z] <<< [apiv2][status] POST https://www.googleapis.com/oauth2/v3/token 400
[debug] [2025-08-20T11:01:11.994Z] <<< [apiv2][body] POST https://www.googleapis.com/oauth2/v3/token [omitted]
[debug] [2025-08-20T11:01:11.996Z] Request to https://firebase.googleapis.com/v1beta1/projects?pageSize=1000 had HTTP Error: 401, Request had invalid authentication credentials. Expected OAuth 2 access token, login cookie or other valid authentication credential. See https://developers.google.com/identity/sign-in/web/devconsole-project.
[debug] [2025-08-20T11:01:12.066Z] FirebaseError: Request to https://firebase.googleapis.com/v1beta1/projects?pageSize=1000 had HTTP Error: 401, Request had invalid authentication credentials. Expected OAuth 2 access token, login cookie or other valid authentication credential. See https://developers.google.com/identity/sign-in/web/devconsole-project.
    at responseToError (C:\Users\Thoma\AppData\Roaming\npm\node_modules\firebase-tools\lib\responseToError.js:52:12)
    at RetryOperation._fn (C:\Users\Thoma\AppData\Roaming\npm\node_modules\firebase-tools\lib\apiv2.js:312:77)
    at process.processTicksAndRejections (node:internal/process/task_queues:105:5)
[error] 
[error] Error: Failed to list Firebase projects. See firebase-debug.log for more info.
[debug] [2025-08-20T11:01:49.238Z] ----------------------------------------------------------------------
[debug] [2025-08-20T11:01:49.243Z] Command:       C:\Program Files\nodejs\node.exe C:\Users\Thoma\AppData\Roaming\npm\node_modules\firebase-tools\lib\bin\firebase.js init
[debug] [2025-08-20T11:01:49.244Z] CLI Version:   14.12.1
[debug] [2025-08-20T11:01:49.244Z] Platform:      win32
[debug] [2025-08-20T11:01:49.245Z] Node Version:  v22.14.0
[debug] [2025-08-20T11:01:49.245Z] Time:          Wed Aug 20 2025 13:01:49 GMT+0200 (Central European Summer Time)
[debug] [2025-08-20T11:01:49.245Z] ----------------------------------------------------------------------
[debug] 
[debug] [2025-08-20T11:01:49.623Z] > command requires scopes: ["email","openid","https://www.googleapis.com/auth/cloudplatformprojects.readonly","https://www.googleapis.com/auth/firebase","https://www.googleapis.com/auth/cloud-platform"]
[debug] [2025-08-20T11:01:49.624Z] > authorizing via signed-in user (xthofox@gmail.com)
[info] 
     ######## #### ########  ######## ########     ###     ######  ########
     ##        ##  ##     ## ##       ##     ##  ##   ##  ##       ##
     ######    ##  ########  ######   ########  #########  ######  ######
     ##        ##  ##    ##  ##       ##     ## ##     ##       ## ##
     ##       #### ##     ## ######## ########  ##     ##  ######  ########

You're about to initialize a Firebase project in this directory:

  C:\Users\Thoma\Documents\Repositories\insurance_game

Before we get started, keep in mind:

  * You are initializing within an existing Firebase project directory

[info] 
=== Project Setup
[info] 
[info] First, let's associate this project directory with a Firebase project.
[info] You can create multiple project aliases by running firebase use --add, 
[info] but for now we'll just set up a default project.
[info] 
[debug] [2025-08-20T11:01:55.494Z] Checked if tokens are valid: false, expires at: 1674745588670
[debug] [2025-08-20T11:01:55.494Z] Checked if tokens are valid: false, expires at: 1674745588670
[debug] [2025-08-20T11:01:55.495Z] > refreshing access token with scopes: []
[debug] [2025-08-20T11:01:55.498Z] >>> [apiv2][query] POST https://www.googleapis.com/oauth2/v3/token [none]
[debug] [2025-08-20T11:01:55.499Z] >>> [apiv2][body] POST https://www.googleapis.com/oauth2/v3/token [omitted]
[debug] [2025-08-20T11:01:55.711Z] <<< [apiv2][status] POST https://www.googleapis.com/oauth2/v3/token 400
[debug] [2025-08-20T11:01:55.711Z] <<< [apiv2][body] POST https://www.googleapis.com/oauth2/v3/token [omitted]
[debug] [2025-08-20T11:01:55.712Z] >>> [apiv2][query] GET https://firebase.googleapis.com/v1beta1/availableProjects pageSize=100
[debug] [2025-08-20T11:01:55.805Z] <<< [apiv2][status] GET https://firebase.googleapis.com/v1beta1/availableProjects 401
[debug] [2025-08-20T11:01:55.806Z] <<< [apiv2][body] GET https://firebase.googleapis.com/v1beta1/availableProjects [omitted]
[debug] [2025-08-20T11:01:55.806Z] Got a 401 Unauthenticated error for a call that required authentication. Refreshing tokens.
[debug] [2025-08-20T11:01:55.806Z] Checked if tokens are valid: false, expires at: 1674745588670
[debug] [2025-08-20T11:01:55.806Z] Checked if tokens are valid: false, expires at: 1674745588670
[debug] [2025-08-20T11:01:55.806Z] > refreshing access token with scopes: []
[debug] [2025-08-20T11:01:55.807Z] >>> [apiv2][query] POST https://www.googleapis.com/oauth2/v3/token [none]
[debug] [2025-08-20T11:01:55.808Z] >>> [apiv2][body] POST https://www.googleapis.com/oauth2/v3/token [omitted]
[debug] [2025-08-20T11:01:55.851Z] <<< [apiv2][status] POST https://www.googleapis.com/oauth2/v3/token 400
[debug] [2025-08-20T11:01:55.851Z] <<< [apiv2][body] POST https://www.googleapis.com/oauth2/v3/token [omitted]
[debug] [2025-08-20T11:01:55.853Z] Request to https://firebase.googleapis.com/v1beta1/availableProjects?pageSize=100 had HTTP Error: 401, Request had invalid authentication credentials. Expected OAuth 2 access token, login cookie or other valid authentication credential. See https://developers.google.com/identity/sign-in/web/devconsole-project.
[debug] [2025-08-20T11:01:55.921Z] FirebaseError: Request to https://firebase.googleapis.com/v1beta1/availableProjects?pageSize=100 had HTTP Error: 401, Request had invalid authentication credentials. Expected OAuth 2 access token, login cookie or other valid authentication credential. See https://developers.google.com/identity/sign-in/web/devconsole-project.
    at responseToError (C:\Users\Thoma\AppData\Roaming\npm\node_modules\firebase-tools\lib\responseToError.js:52:12)
    at RetryOperation._fn (C:\Users\Thoma\AppData\Roaming\npm\node_modules\firebase-tools\lib\apiv2.js:312:77)
    at process.processTicksAndRejections (node:internal/process/task_queues:105:5)
[error] 
[error] Error: Failed to list available Google Cloud Platform projects. See firebase-debug.log for more info.
